<?xml version="1.0" encoding="UTF-8"?>
<!-- Generated by org.testng.reporters.JUnitReportReporter -->
<testsuite hostname="ShreyasS-W10" failures="0" tests="1" name="com.UsersApi.Request.PostRequestAPI" time="1.123" errors="0" timestamp="2022-03-30T09:42:45 IST" skipped="0">
  <testcase classname="com.UsersApi.Request.PostRequestAPI" name="AddNewUser" time="1.123"/>
  <system-out/>
</testsuite> <!-- com.UsersApi.Request.PostRequestAPI -->
