<?xml version="1.0" encoding="UTF-8"?>
<!-- Generated by org.testng.reporters.JUnitReportReporter -->
<testsuite hostname="ShreyasS-W10" failures="0" tests="2" name="com.UsersApi.GetRequest.GetRequestAPI" time="2.554" errors="0" timestamp="30 Mar 2022 03:47:50 GMT">
  <testcase classname="com.UsersApi.GetRequest.GetRequestAPI" name="GetSingleUserDetails" time="0.987"/>
  <testcase classname="com.UsersApi.GetRequest.GetRequestAPI" name="GetUsersLists" time="1.567"/>
</testsuite> <!-- com.UsersApi.GetRequest.GetRequestAPI -->
