<?xml version="1.0" encoding="UTF-8"?>
<!-- Generated by org.testng.reporters.JUnitReportReporter -->
<testsuite hostname="ShreyasS-W10" failures="0" tests="1" name="com.UsersApi.GetRequest.PostRequestAPI" time="0.760" errors="0" timestamp="30 Mar 2022 03:47:50 GMT">
  <testcase classname="com.UsersApi.GetRequest.PostRequestAPI" name="AddNewUser" time="0.760"/>
</testsuite> <!-- com.UsersApi.GetRequest.PostRequestAPI -->
