<?xml version="1.0" encoding="UTF-8"?>
<!-- Generated by org.testng.reporters.JUnitReportReporter -->
<testsuite hostname="ShreyasS-W10" failures="0" tests="2" name="com.UsersApi.Request.GetRequestAPI" time="2.117" errors="0" timestamp="2022-03-30T09:45:17 IST" skipped="0">
  <testcase classname="com.UsersApi.Request.GetRequestAPI" name="GetUsersLists" time="1.434"/>
  <system-out/>
  <testcase classname="com.UsersApi.Request.GetRequestAPI" name="GetSingleUserDetails" time="0.683"/>
  <system-out/>
</testsuite> <!-- com.UsersApi.Request.GetRequestAPI -->
